{"timestamp": "2026-04-21T23:33:43.224226", "level": "INFO", "logger": "ML.Trainer.CNN", "message": "Iniciando entrenamiento mejorado", "module": "pipeline_trainer", "function": "ejecutar_entrenamiento", "line": 54}
{"timestamp": "2026-04-21T23:33:43.233706", "level": "INFO", "logger": "ML.Trainer.CNN", "message": "GPU disponible", "module": "pipeline_trainer", "function": "ejecutar_entrenamiento", "line": 59}
{"timestamp": "2026-04-21T23:34:56.513029", "level": "INFO", "logger": "ML.Trainer.CNN", "message": "Epoch completada", "module": "pipeline_trainer", "function": "ejecutar_entrenamiento", "line": 96}
{"timestamp": "2026-04-21T23:35:46.448998", "level": "INFO", "logger": "ML.Trainer.CNN", "message": "Epoch completada", "module": "pipeline_trainer", "function": "ejecutar_entrenamiento", "line": 96}
{"timestamp": "2026-04-21T23:36:29.568867", "level": "INFO", "logger": "ML.Trainer.CNN", "message": "Epoch completada", "module": "pipeline_trainer", "function": "ejecutar_entrenamiento", "line": 96}
{"timestamp": "2026-04-21T23:36:57.420467", "level": "INFO", "logger": "ML.Trainer.CNN", "message": "Epoch completada", "module": "pipeline_trainer", "function": "ejecutar_entrenamiento", "line": 96}
{"timestamp": "2026-04-21T23:37:22.469623", "level": "INFO", "logger": "ML.Trainer.CNN", "message": "Epoch completada", "module": "pipeline_trainer", "function": "ejecutar_entrenamiento", "line": 96}
{"timestamp": "2026-04-21T23:37:52.779696", "level": "INFO", "logger": "ML.Trainer.CNN", "message": "Epoch completada", "module": "pipeline_trainer", "function": "ejecutar_entrenamiento", "line": 96}
{"timestamp": "2026-04-21T23:38:22.902086", "level": "INFO", "logger": "ML.Trainer.CNN", "message": "Epoch completada", "module": "pipeline_trainer", "function": "ejecutar_entrenamiento", "line": 96}
{"timestamp": "2026-04-21T23:39:41.933457", "level": "INFO", "logger": "ML.Trainer.CNN", "message": "Epoch completada", "module": "pipeline_trainer", "function": "ejecutar_entrenamiento", "line": 96}
{"timestamp": "2026-04-21T23:40:48.149087", "level": "INFO", "logger": "ML.Trainer.CNN", "message": "Epoch completada", "module": "pipeline_trainer", "function": "ejecutar_entrenamiento", "line": 96}
{"timestamp": "2026-04-21T23:41:25.597075", "level": "INFO", "logger": "ML.Trainer.CNN", "message": "Epoch completada", "module": "pipeline_trainer", "function": "ejecutar_entrenamiento", "line": 96}
{"timestamp": "2026-04-21T23:43:29.486590", "level": "INFO", "logger": "ML.Trainer.CNN", "message": "Epoch completada", "module": "pipeline_trainer", "function": "ejecutar_entrenamiento", "line": 96}
{"timestamp": "2026-04-21T23:45:47.774440", "level": "INFO", "logger": "ML.Trainer.CNN", "message": "Epoch completada", "module": "pipeline_trainer", "function": "ejecutar_entrenamiento", "line": 96}
{"timestamp": "2026-04-21T23:47:09.744530", "level": "INFO", "logger": "ML.Trainer.CNN", "message": "Epoch completada", "module": "pipeline_trainer", "function": "ejecutar_entrenamiento", "line": 96}
{"timestamp": "2026-04-21T23:49:24.364381", "level": "INFO", "logger": "ML.Trainer.CNN", "message": "Epoch completada", "module": "pipeline_trainer", "function": "ejecutar_entrenamiento", "line": 96}
{"timestamp": "2026-04-21T23:52:45.875485", "level": "INFO", "logger": "ML.Trainer.CNN", "message": "Epoch completada", "module": "pipeline_trainer", "function": "ejecutar_entrenamiento", "line": 96}
{"timestamp": "2026-04-21T23:55:55.735630", "level": "INFO", "logger": "ML.Trainer.CNN", "message": "Epoch completada", "module": "pipeline_trainer", "function": "ejecutar_entrenamiento", "line": 96}
{"timestamp": "2026-04-21T23:58:19.584865", "level": "INFO", "logger": "ML.Trainer.CNN", "message": "Epoch completada", "module": "pipeline_trainer", "function": "ejecutar_entrenamiento", "line": 96}
{"timestamp": "2026-04-22T00:00:03.158601", "level": "INFO", "logger": "ML.Trainer.CNN", "message": "Epoch completada", "module": "pipeline_trainer", "function": "ejecutar_entrenamiento", "line": 96}
{"timestamp": "2026-04-22T00:01:32.376418", "level": "INFO", "logger": "ML.Trainer.CNN", "message": "Epoch completada", "module": "pipeline_trainer", "function": "ejecutar_entrenamiento", "line": 96}
{"timestamp": "2026-04-22T00:02:20.786813", "level": "INFO", "logger": "ML.Trainer.CNN", "message": "Epoch completada", "module": "pipeline_trainer", "function": "ejecutar_entrenamiento", "line": 96}
{"timestamp": "2026-04-22T00:02:53.884741", "level": "INFO", "logger": "ML.Trainer.CNN", "message": "Epoch completada", "module": "pipeline_trainer", "function": "ejecutar_entrenamiento", "line": 96}
{"timestamp": "2026-04-22T00:03:32.404681", "level": "INFO", "logger": "ML.Trainer.CNN", "message": "Epoch completada", "module": "pipeline_trainer", "function": "ejecutar_entrenamiento", "line": 96}
{"timestamp": "2026-04-22T00:04:10.706616", "level": "INFO", "logger": "ML.Trainer.CNN", "message": "Epoch completada", "module": "pipeline_trainer", "function": "ejecutar_entrenamiento", "line": 96}
{"timestamp": "2026-04-22T00:04:43.357580", "level": "INFO", "logger": "ML.Trainer.CNN", "message": "Epoch completada", "module": "pipeline_trainer", "function": "ejecutar_entrenamiento", "line": 96}
{"timestamp": "2026-04-22T00:05:09.817944", "level": "INFO", "logger": "ML.Trainer.CNN", "message": "Epoch completada", "module": "pipeline_trainer", "function": "ejecutar_entrenamiento", "line": 96}
{"timestamp": "2026-04-22T00:05:36.895499", "level": "INFO", "logger": "ML.Trainer.CNN", "message": "Epoch completada", "module": "pipeline_trainer", "function": "ejecutar_entrenamiento", "line": 96}
{"timestamp": "2026-04-22T00:06:05.819591", "level": "INFO", "logger": "ML.Trainer.CNN", "message": "Epoch completada", "module": "pipeline_trainer", "function": "ejecutar_entrenamiento", "line": 96}
{"timestamp": "2026-04-22T00:06:41.849287", "level": "INFO", "logger": "ML.Trainer.CNN", "message": "Epoch completada", "module": "pipeline_trainer", "function": "ejecutar_entrenamiento", "line": 96}
{"timestamp": "2026-04-22T00:07:07.192168", "level": "INFO", "logger": "ML.Trainer.CNN", "message": "Epoch completada", "module": "pipeline_trainer", "function": "ejecutar_entrenamiento", "line": 96}
{"timestamp": "2026-04-22T00:07:31.503805", "level": "INFO", "logger": "ML.Trainer.CNN", "message": "Epoch completada", "module": "pipeline_trainer", "function": "ejecutar_entrenamiento", "line": 96}
{"timestamp": "2026-04-22T00:07:56.200698", "level": "INFO", "logger": "ML.Trainer.CNN", "message": "Epoch completada", "module": "pipeline_trainer", "function": "ejecutar_entrenamiento", "line": 96}
{"timestamp": "2026-04-22T00:08:18.535607", "level": "INFO", "logger": "ML.Trainer.CNN", "message": "Epoch completada", "module": "pipeline_trainer", "function": "ejecutar_entrenamiento", "line": 96}
{"timestamp": "2026-04-22T00:08:42.458499", "level": "INFO", "logger": "ML.Trainer.CNN", "message": "Epoch completada", "module": "pipeline_trainer", "function": "ejecutar_entrenamiento", "line": 96}
{"timestamp": "2026-04-22T00:09:08.727052", "level": "INFO", "logger": "ML.Trainer.CNN", "message": "Epoch completada", "module": "pipeline_trainer", "function": "ejecutar_entrenamiento", "line": 96}
{"timestamp": "2026-04-22T00:09:33.357845", "level": "INFO", "logger": "ML.Trainer.CNN", "message": "Epoch completada", "module": "pipeline_trainer", "function": "ejecutar_entrenamiento", "line": 96}
{"timestamp": "2026-04-22T00:09:56.788511", "level": "INFO", "logger": "ML.Trainer.CNN", "message": "Epoch completada", "module": "pipeline_trainer", "function": "ejecutar_entrenamiento", "line": 96}
{"timestamp": "2026-04-22T00:10:40.214926", "level": "INFO", "logger": "ML.Trainer.CNN", "message": "Epoch completada", "module": "pipeline_trainer", "function": "ejecutar_entrenamiento", "line": 96}
{"timestamp": "2026-04-22T00:11:08.450633", "level": "INFO", "logger": "ML.Trainer.CNN", "message": "Epoch completada", "module": "pipeline_trainer", "function": "ejecutar_entrenamiento", "line": 96}
{"timestamp": "2026-04-22T00:11:44.701960", "level": "INFO", "logger": "ML.Trainer.CNN", "message": "Epoch completada", "module": "pipeline_trainer", "function": "ejecutar_entrenamiento", "line": 96}
{"timestamp": "2026-04-22T00:12:18.792063", "level": "INFO", "logger": "ML.Trainer.CNN", "message": "Epoch completada", "module": "pipeline_trainer", "function": "ejecutar_entrenamiento", "line": 96}
{"timestamp": "2026-04-22T00:12:40.251421", "level": "INFO", "logger": "ML.Trainer.CNN", "message": "Epoch completada", "module": "pipeline_trainer", "function": "ejecutar_entrenamiento", "line": 96}
{"timestamp": "2026-04-22T00:13:03.962853", "level": "INFO", "logger": "ML.Trainer.CNN", "message": "Epoch completada", "module": "pipeline_trainer", "function": "ejecutar_entrenamiento", "line": 96}
{"timestamp": "2026-04-22T00:13:24.747639", "level": "INFO", "logger": "ML.Trainer.CNN", "message": "Epoch completada", "module": "pipeline_trainer", "function": "ejecutar_entrenamiento", "line": 96}
{"timestamp": "2026-04-22T00:13:50.097612", "level": "INFO", "logger": "ML.Trainer.CNN", "message": "Epoch completada", "module": "pipeline_trainer", "function": "ejecutar_entrenamiento", "line": 96}
{"timestamp": "2026-04-22T00:14:26.110416", "level": "INFO", "logger": "ML.Trainer.CNN", "message": "Epoch completada", "module": "pipeline_trainer", "function": "ejecutar_entrenamiento", "line": 96}
{"timestamp": "2026-04-22T00:14:53.352006", "level": "INFO", "logger": "ML.Trainer.CNN", "message": "Epoch completada", "module": "pipeline_trainer", "function": "ejecutar_entrenamiento", "line": 96}
{"timestamp": "2026-04-22T00:15:13.324976", "level": "INFO", "logger": "ML.Trainer.CNN", "message": "Epoch completada", "module": "pipeline_trainer", "function": "ejecutar_entrenamiento", "line": 96}
{"timestamp": "2026-04-22T00:15:32.576058", "level": "INFO", "logger": "ML.Trainer.CNN", "message": "Epoch completada", "module": "pipeline_trainer", "function": "ejecutar_entrenamiento", "line": 96}
{"timestamp": "2026-04-22T00:15:51.564249", "level": "INFO", "logger": "ML.Trainer.CNN", "message": "Epoch completada", "module": "pipeline_trainer", "function": "ejecutar_entrenamiento", "line": 96}
{"timestamp": "2026-04-22T00:15:51.567190", "level": "INFO", "logger": "ML.Trainer.CNN", "message": "Early stopping activado", "module": "pipeline_trainer", "function": "ejecutar_entrenamiento", "line": 106}
{"timestamp": "2026-04-22T00:15:51.567820", "level": "INFO", "logger": "ML.Trainer.CNN", "message": "Entrenamiento completado", "module": "pipeline_trainer", "function": "ejecutar_entrenamiento", "line": 115}
{"timestamp": "2026-04-22T00:15:53.915181", "level": "INFO", "logger": "ML.Trainer.CNN", "message": "Umbral optimizado", "module": "pipeline_trainer", "function": "optimizar_umbral_decision", "line": 208}
