{"timestamp": "2026-04-16T03:47:37.825395", "level": "INFO", "logger": "ML.Trainer.LSTM", "message": "Iniciando entrenamiento LSTM", "module": "trainer", "function": "ejecutar_entrenamiento_lstm", "line": 30}
{"timestamp": "2026-04-16T03:47:37.826344", "level": "INFO", "logger": "ML.Trainer.LSTM", "message": "GPU disponible", "module": "trainer", "function": "ejecutar_entrenamiento_lstm", "line": 34}
{"timestamp": "2026-04-16T03:55:12.908211", "level": "INFO", "logger": "ML.Trainer.LSTM", "message": "Iniciando entrenamiento LSTM", "module": "trainer", "function": "ejecutar_entrenamiento_lstm", "line": 30}
{"timestamp": "2026-04-16T03:55:12.909105", "level": "INFO", "logger": "ML.Trainer.LSTM", "message": "GPU disponible", "module": "trainer", "function": "ejecutar_entrenamiento_lstm", "line": 34}
{"timestamp": "2026-04-16T03:56:07.159647", "level": "INFO", "logger": "ML.Trainer.LSTM", "message": "Epoch completada", "module": "trainer", "function": "ejecutar_entrenamiento_lstm", "line": 69}
{"timestamp": "2026-04-16T04:03:39.073873", "level": "INFO", "logger": "ML.Trainer.LSTM", "message": "Iniciando entrenamiento LSTM", "module": "trainer", "function": "ejecutar_entrenamiento_lstm", "line": 30}
{"timestamp": "2026-04-16T04:03:39.075031", "level": "INFO", "logger": "ML.Trainer.LSTM", "message": "GPU disponible", "module": "trainer", "function": "ejecutar_entrenamiento_lstm", "line": 34}
{"timestamp": "2026-04-16T04:04:40.099805", "level": "INFO", "logger": "ML.Trainer.LSTM", "message": "Epoch completada", "module": "trainer", "function": "ejecutar_entrenamiento_lstm", "line": 69}
{"timestamp": "2026-04-16T04:08:44.128877", "level": "INFO", "logger": "ML.Trainer.LSTM", "message": "Iniciando entrenamiento LSTM", "module": "trainer", "function": "ejecutar_entrenamiento_lstm", "line": 30}
{"timestamp": "2026-04-16T04:08:44.129837", "level": "INFO", "logger": "ML.Trainer.LSTM", "message": "GPU disponible", "module": "trainer", "function": "ejecutar_entrenamiento_lstm", "line": 34}
{"timestamp": "2026-04-16T04:09:23.557577", "level": "INFO", "logger": "ML.Trainer.LSTM", "message": "Epoch completada", "module": "trainer", "function": "ejecutar_entrenamiento_lstm", "line": 69}
{"timestamp": "2026-04-16T04:09:23.574779", "level": "INFO", "logger": "ML.Trainer.LSTM", "message": "Entrenamiento LSTM completado", "module": "trainer", "function": "ejecutar_entrenamiento_lstm", "line": 86}
{"timestamp": "2026-04-16T04:13:00.628797", "level": "INFO", "logger": "ML.Trainer.LSTM", "message": "Iniciando entrenamiento LSTM", "module": "trainer", "function": "ejecutar_entrenamiento_lstm", "line": 30}
{"timestamp": "2026-04-16T04:13:00.629998", "level": "INFO", "logger": "ML.Trainer.LSTM", "message": "GPU disponible", "module": "trainer", "function": "ejecutar_entrenamiento_lstm", "line": 34}
{"timestamp": "2026-04-16T04:13:52.104214", "level": "INFO", "logger": "ML.Trainer.LSTM", "message": "Epoch completada", "module": "trainer", "function": "ejecutar_entrenamiento_lstm", "line": 69}
{"timestamp": "2026-04-16T04:13:52.114830", "level": "INFO", "logger": "ML.Trainer.LSTM", "message": "Entrenamiento LSTM completado", "module": "trainer", "function": "ejecutar_entrenamiento_lstm", "line": 86}
{"timestamp": "2026-04-21T21:34:05.800526", "level": "INFO", "logger": "ML.Trainer.LSTM", "message": "Iniciando entrenamiento mejorado", "module": "pipeline_trainer", "function": "ejecutar_entrenamiento", "line": 39}
{"timestamp": "2026-04-21T21:34:05.804226", "level": "INFO", "logger": "ML.Trainer.LSTM", "message": "GPU disponible", "module": "pipeline_trainer", "function": "ejecutar_entrenamiento", "line": 44}
{"timestamp": "2026-04-21T21:35:33.182268", "level": "INFO", "logger": "ML.Trainer.LSTM", "message": "Epoch completada", "module": "pipeline_trainer", "function": "ejecutar_entrenamiento", "line": 81}
{"timestamp": "2026-04-21T21:36:03.347146", "level": "INFO", "logger": "ML.Trainer.LSTM", "message": "Epoch completada", "module": "pipeline_trainer", "function": "ejecutar_entrenamiento", "line": 81}
{"timestamp": "2026-04-21T21:36:30.430902", "level": "INFO", "logger": "ML.Trainer.LSTM", "message": "Epoch completada", "module": "pipeline_trainer", "function": "ejecutar_entrenamiento", "line": 81}
{"timestamp": "2026-04-21T21:37:00.205334", "level": "INFO", "logger": "ML.Trainer.LSTM", "message": "Epoch completada", "module": "pipeline_trainer", "function": "ejecutar_entrenamiento", "line": 81}
{"timestamp": "2026-04-21T21:37:24.128731", "level": "INFO", "logger": "ML.Trainer.LSTM", "message": "Epoch completada", "module": "pipeline_trainer", "function": "ejecutar_entrenamiento", "line": 81}
{"timestamp": "2026-04-21T21:37:45.478455", "level": "INFO", "logger": "ML.Trainer.LSTM", "message": "Epoch completada", "module": "pipeline_trainer", "function": "ejecutar_entrenamiento", "line": 81}
{"timestamp": "2026-04-21T21:38:32.619464", "level": "INFO", "logger": "ML.Trainer.LSTM", "message": "Epoch completada", "module": "pipeline_trainer", "function": "ejecutar_entrenamiento", "line": 81}
{"timestamp": "2026-04-21T21:40:32.257431", "level": "INFO", "logger": "ML.Trainer.LSTM", "message": "Epoch completada", "module": "pipeline_trainer", "function": "ejecutar_entrenamiento", "line": 81}
{"timestamp": "2026-04-21T21:41:30.759777", "level": "INFO", "logger": "ML.Trainer.LSTM", "message": "Epoch completada", "module": "pipeline_trainer", "function": "ejecutar_entrenamiento", "line": 81}
{"timestamp": "2026-04-21T21:41:54.090649", "level": "INFO", "logger": "ML.Trainer.LSTM", "message": "Epoch completada", "module": "pipeline_trainer", "function": "ejecutar_entrenamiento", "line": 81}
{"timestamp": "2026-04-21T21:42:38.452872", "level": "INFO", "logger": "ML.Trainer.LSTM", "message": "Epoch completada", "module": "pipeline_trainer", "function": "ejecutar_entrenamiento", "line": 81}
{"timestamp": "2026-04-21T21:43:36.616916", "level": "INFO", "logger": "ML.Trainer.LSTM", "message": "Epoch completada", "module": "pipeline_trainer", "function": "ejecutar_entrenamiento", "line": 81}
{"timestamp": "2026-04-21T21:46:33.867341", "level": "INFO", "logger": "ML.Trainer.LSTM", "message": "Epoch completada", "module": "pipeline_trainer", "function": "ejecutar_entrenamiento", "line": 81}
{"timestamp": "2026-04-21T22:11:11.717609", "level": "INFO", "logger": "ML.Trainer.LSTM", "message": "Iniciando entrenamiento mejorado", "module": "pipeline_trainer", "function": "ejecutar_entrenamiento", "line": 39}
{"timestamp": "2026-04-21T22:11:11.744774", "level": "INFO", "logger": "ML.Trainer.LSTM", "message": "GPU disponible", "module": "pipeline_trainer", "function": "ejecutar_entrenamiento", "line": 44}
{"timestamp": "2026-04-21T22:14:57.444688", "level": "INFO", "logger": "ML.Trainer.LSTM", "message": "Epoch completada", "module": "pipeline_trainer", "function": "ejecutar_entrenamiento", "line": 81}
{"timestamp": "2026-04-21T22:16:58.502957", "level": "INFO", "logger": "ML.Trainer.LSTM", "message": "Epoch completada", "module": "pipeline_trainer", "function": "ejecutar_entrenamiento", "line": 81}
{"timestamp": "2026-04-21T22:17:31.588229", "level": "INFO", "logger": "ML.Trainer.LSTM", "message": "Epoch completada", "module": "pipeline_trainer", "function": "ejecutar_entrenamiento", "line": 81}
{"timestamp": "2026-04-21T22:17:54.045001", "level": "INFO", "logger": "ML.Trainer.LSTM", "message": "Epoch completada", "module": "pipeline_trainer", "function": "ejecutar_entrenamiento", "line": 81}
{"timestamp": "2026-04-21T22:18:15.265795", "level": "INFO", "logger": "ML.Trainer.LSTM", "message": "Epoch completada", "module": "pipeline_trainer", "function": "ejecutar_entrenamiento", "line": 81}
{"timestamp": "2026-04-21T22:18:36.994034", "level": "INFO", "logger": "ML.Trainer.LSTM", "message": "Epoch completada", "module": "pipeline_trainer", "function": "ejecutar_entrenamiento", "line": 81}
{"timestamp": "2026-04-21T22:18:58.517746", "level": "INFO", "logger": "ML.Trainer.LSTM", "message": "Epoch completada", "module": "pipeline_trainer", "function": "ejecutar_entrenamiento", "line": 81}
{"timestamp": "2026-04-21T22:19:30.768090", "level": "INFO", "logger": "ML.Trainer.LSTM", "message": "Epoch completada", "module": "pipeline_trainer", "function": "ejecutar_entrenamiento", "line": 81}
{"timestamp": "2026-04-21T22:20:20.065503", "level": "INFO", "logger": "ML.Trainer.LSTM", "message": "Epoch completada", "module": "pipeline_trainer", "function": "ejecutar_entrenamiento", "line": 81}
{"timestamp": "2026-04-21T22:20:46.890653", "level": "INFO", "logger": "ML.Trainer.LSTM", "message": "Epoch completada", "module": "pipeline_trainer", "function": "ejecutar_entrenamiento", "line": 81}
{"timestamp": "2026-04-21T22:21:26.929194", "level": "INFO", "logger": "ML.Trainer.LSTM", "message": "Epoch completada", "module": "pipeline_trainer", "function": "ejecutar_entrenamiento", "line": 81}
{"timestamp": "2026-04-21T22:21:49.923510", "level": "INFO", "logger": "ML.Trainer.LSTM", "message": "Epoch completada", "module": "pipeline_trainer", "function": "ejecutar_entrenamiento", "line": 81}
{"timestamp": "2026-04-21T22:22:11.545827", "level": "INFO", "logger": "ML.Trainer.LSTM", "message": "Epoch completada", "module": "pipeline_trainer", "function": "ejecutar_entrenamiento", "line": 81}
{"timestamp": "2026-04-21T22:22:35.698813", "level": "INFO", "logger": "ML.Trainer.LSTM", "message": "Epoch completada", "module": "pipeline_trainer", "function": "ejecutar_entrenamiento", "line": 81}
{"timestamp": "2026-04-21T22:23:04.244910", "level": "INFO", "logger": "ML.Trainer.LSTM", "message": "Epoch completada", "module": "pipeline_trainer", "function": "ejecutar_entrenamiento", "line": 81}
{"timestamp": "2026-04-21T22:23:27.244579", "level": "INFO", "logger": "ML.Trainer.LSTM", "message": "Epoch completada", "module": "pipeline_trainer", "function": "ejecutar_entrenamiento", "line": 81}
{"timestamp": "2026-04-21T22:23:49.114607", "level": "INFO", "logger": "ML.Trainer.LSTM", "message": "Epoch completada", "module": "pipeline_trainer", "function": "ejecutar_entrenamiento", "line": 81}
{"timestamp": "2026-04-21T22:24:10.745496", "level": "INFO", "logger": "ML.Trainer.LSTM", "message": "Epoch completada", "module": "pipeline_trainer", "function": "ejecutar_entrenamiento", "line": 81}
{"timestamp": "2026-04-21T22:24:31.963803", "level": "INFO", "logger": "ML.Trainer.LSTM", "message": "Epoch completada", "module": "pipeline_trainer", "function": "ejecutar_entrenamiento", "line": 81}
{"timestamp": "2026-04-21T22:24:53.486888", "level": "INFO", "logger": "ML.Trainer.LSTM", "message": "Epoch completada", "module": "pipeline_trainer", "function": "ejecutar_entrenamiento", "line": 81}
{"timestamp": "2026-04-21T22:24:53.488180", "level": "INFO", "logger": "ML.Trainer.LSTM", "message": "Early stopping activado", "module": "pipeline_trainer", "function": "ejecutar_entrenamiento", "line": 91}
{"timestamp": "2026-04-21T22:24:53.488863", "level": "INFO", "logger": "ML.Trainer.LSTM", "message": "Entrenamiento completado", "module": "pipeline_trainer", "function": "ejecutar_entrenamiento", "line": 100}
{"timestamp": "2026-04-21T22:24:56.044065", "level": "INFO", "logger": "ML.Trainer.LSTM", "message": "Umbral optimizado", "module": "pipeline_trainer", "function": "optimizar_umbral_decision", "line": 193}
{"timestamp": "2026-04-21T22:32:26.141873", "level": "INFO", "logger": "ML.Trainer.LSTM", "message": "Iniciando entrenamiento mejorado", "module": "pipeline_trainer", "function": "ejecutar_entrenamiento", "line": 39}
{"timestamp": "2026-04-21T22:32:26.144138", "level": "INFO", "logger": "ML.Trainer.LSTM", "message": "GPU disponible", "module": "pipeline_trainer", "function": "ejecutar_entrenamiento", "line": 44}
{"timestamp": "2026-04-21T22:32:57.623063", "level": "INFO", "logger": "ML.Trainer.LSTM", "message": "Epoch completada", "module": "pipeline_trainer", "function": "ejecutar_entrenamiento", "line": 81}
{"timestamp": "2026-04-21T22:33:18.873300", "level": "INFO", "logger": "ML.Trainer.LSTM", "message": "Epoch completada", "module": "pipeline_trainer", "function": "ejecutar_entrenamiento", "line": 81}
{"timestamp": "2026-04-21T22:33:38.934882", "level": "INFO", "logger": "ML.Trainer.LSTM", "message": "Epoch completada", "module": "pipeline_trainer", "function": "ejecutar_entrenamiento", "line": 81}
{"timestamp": "2026-04-21T22:33:57.665038", "level": "INFO", "logger": "ML.Trainer.LSTM", "message": "Epoch completada", "module": "pipeline_trainer", "function": "ejecutar_entrenamiento", "line": 81}
{"timestamp": "2026-04-21T22:34:16.550827", "level": "INFO", "logger": "ML.Trainer.LSTM", "message": "Epoch completada", "module": "pipeline_trainer", "function": "ejecutar_entrenamiento", "line": 81}
{"timestamp": "2026-04-21T22:34:36.502956", "level": "INFO", "logger": "ML.Trainer.LSTM", "message": "Epoch completada", "module": "pipeline_trainer", "function": "ejecutar_entrenamiento", "line": 81}
{"timestamp": "2026-04-21T22:34:55.572589", "level": "INFO", "logger": "ML.Trainer.LSTM", "message": "Epoch completada", "module": "pipeline_trainer", "function": "ejecutar_entrenamiento", "line": 81}
{"timestamp": "2026-04-21T22:35:14.648233", "level": "INFO", "logger": "ML.Trainer.LSTM", "message": "Epoch completada", "module": "pipeline_trainer", "function": "ejecutar_entrenamiento", "line": 81}
{"timestamp": "2026-04-21T22:35:33.656336", "level": "INFO", "logger": "ML.Trainer.LSTM", "message": "Epoch completada", "module": "pipeline_trainer", "function": "ejecutar_entrenamiento", "line": 81}
{"timestamp": "2026-04-21T22:35:54.033914", "level": "INFO", "logger": "ML.Trainer.LSTM", "message": "Epoch completada", "module": "pipeline_trainer", "function": "ejecutar_entrenamiento", "line": 81}
{"timestamp": "2026-04-21T22:36:15.347760", "level": "INFO", "logger": "ML.Trainer.LSTM", "message": "Epoch completada", "module": "pipeline_trainer", "function": "ejecutar_entrenamiento", "line": 81}
{"timestamp": "2026-04-21T22:36:34.453408", "level": "INFO", "logger": "ML.Trainer.LSTM", "message": "Epoch completada", "module": "pipeline_trainer", "function": "ejecutar_entrenamiento", "line": 81}
{"timestamp": "2026-04-21T22:36:55.071891", "level": "INFO", "logger": "ML.Trainer.LSTM", "message": "Epoch completada", "module": "pipeline_trainer", "function": "ejecutar_entrenamiento", "line": 81}
{"timestamp": "2026-04-21T22:39:02.699354", "level": "INFO", "logger": "ML.Trainer.LSTM", "message": "Epoch completada", "module": "pipeline_trainer", "function": "ejecutar_entrenamiento", "line": 81}
{"timestamp": "2026-04-21T22:40:18.171778", "level": "INFO", "logger": "ML.Trainer.LSTM", "message": "Epoch completada", "module": "pipeline_trainer", "function": "ejecutar_entrenamiento", "line": 81}
{"timestamp": "2026-04-21T22:41:33.511541", "level": "INFO", "logger": "ML.Trainer.LSTM", "message": "Epoch completada", "module": "pipeline_trainer", "function": "ejecutar_entrenamiento", "line": 81}
{"timestamp": "2026-04-21T22:42:24.007680", "level": "INFO", "logger": "ML.Trainer.LSTM", "message": "Epoch completada", "module": "pipeline_trainer", "function": "ejecutar_entrenamiento", "line": 81}
{"timestamp": "2026-04-21T22:42:51.683621", "level": "INFO", "logger": "ML.Trainer.LSTM", "message": "Epoch completada", "module": "pipeline_trainer", "function": "ejecutar_entrenamiento", "line": 81}
{"timestamp": "2026-04-21T22:45:25.818771", "level": "INFO", "logger": "ML.Trainer.LSTM", "message": "Epoch completada", "module": "pipeline_trainer", "function": "ejecutar_entrenamiento", "line": 81}
{"timestamp": "2026-04-21T22:48:04.466071", "level": "INFO", "logger": "ML.Trainer.LSTM", "message": "Epoch completada", "module": "pipeline_trainer", "function": "ejecutar_entrenamiento", "line": 81}
{"timestamp": "2026-04-21T22:48:04.469795", "level": "INFO", "logger": "ML.Trainer.LSTM", "message": "Early stopping activado", "module": "pipeline_trainer", "function": "ejecutar_entrenamiento", "line": 91}
{"timestamp": "2026-04-21T22:48:04.470758", "level": "INFO", "logger": "ML.Trainer.LSTM", "message": "Entrenamiento completado", "module": "pipeline_trainer", "function": "ejecutar_entrenamiento", "line": 100}
{"timestamp": "2026-04-21T22:48:07.429255", "level": "INFO", "logger": "ML.Trainer.LSTM", "message": "Umbral optimizado", "module": "pipeline_trainer", "function": "optimizar_umbral_decision", "line": 193}
{"timestamp": "2026-04-22T15:14:56.368877", "level": "INFO", "logger": "ML.Trainer.LSTM", "message": "Iniciando entrenamiento mejorado", "module": "pipeline_trainer", "function": "ejecutar_entrenamiento", "line": 54}
{"timestamp": "2026-04-22T15:14:56.372832", "level": "INFO", "logger": "ML.Trainer.LSTM", "message": "GPU disponible", "module": "pipeline_trainer", "function": "ejecutar_entrenamiento", "line": 59}
{"timestamp": "2026-04-22T15:15:26.653796", "level": "INFO", "logger": "ML.Trainer.LSTM", "message": "Epoch completada", "module": "pipeline_trainer", "function": "ejecutar_entrenamiento", "line": 96}
{"timestamp": "2026-04-22T15:15:51.422893", "level": "INFO", "logger": "ML.Trainer.LSTM", "message": "Epoch completada", "module": "pipeline_trainer", "function": "ejecutar_entrenamiento", "line": 96}
{"timestamp": "2026-04-22T15:16:15.005855", "level": "INFO", "logger": "ML.Trainer.LSTM", "message": "Epoch completada", "module": "pipeline_trainer", "function": "ejecutar_entrenamiento", "line": 96}
{"timestamp": "2026-04-22T15:16:39.041702", "level": "INFO", "logger": "ML.Trainer.LSTM", "message": "Epoch completada", "module": "pipeline_trainer", "function": "ejecutar_entrenamiento", "line": 96}
{"timestamp": "2026-04-22T15:17:04.192210", "level": "INFO", "logger": "ML.Trainer.LSTM", "message": "Epoch completada", "module": "pipeline_trainer", "function": "ejecutar_entrenamiento", "line": 96}
{"timestamp": "2026-04-22T15:17:40.539538", "level": "INFO", "logger": "ML.Trainer.LSTM", "message": "Epoch completada", "module": "pipeline_trainer", "function": "ejecutar_entrenamiento", "line": 96}
{"timestamp": "2026-04-22T15:18:49.118983", "level": "INFO", "logger": "ML.Trainer.LSTM", "message": "Epoch completada", "module": "pipeline_trainer", "function": "ejecutar_entrenamiento", "line": 96}
{"timestamp": "2026-04-22T15:19:44.188309", "level": "INFO", "logger": "ML.Trainer.LSTM", "message": "Epoch completada", "module": "pipeline_trainer", "function": "ejecutar_entrenamiento", "line": 96}
{"timestamp": "2026-04-22T15:20:12.303351", "level": "INFO", "logger": "ML.Trainer.LSTM", "message": "Epoch completada", "module": "pipeline_trainer", "function": "ejecutar_entrenamiento", "line": 96}
{"timestamp": "2026-04-22T15:20:36.491625", "level": "INFO", "logger": "ML.Trainer.LSTM", "message": "Epoch completada", "module": "pipeline_trainer", "function": "ejecutar_entrenamiento", "line": 96}
{"timestamp": "2026-04-22T15:21:00.334029", "level": "INFO", "logger": "ML.Trainer.LSTM", "message": "Epoch completada", "module": "pipeline_trainer", "function": "ejecutar_entrenamiento", "line": 96}
{"timestamp": "2026-04-22T15:21:24.835048", "level": "INFO", "logger": "ML.Trainer.LSTM", "message": "Epoch completada", "module": "pipeline_trainer", "function": "ejecutar_entrenamiento", "line": 96}
{"timestamp": "2026-04-22T15:21:49.756712", "level": "INFO", "logger": "ML.Trainer.LSTM", "message": "Epoch completada", "module": "pipeline_trainer", "function": "ejecutar_entrenamiento", "line": 96}
{"timestamp": "2026-04-22T15:22:14.525039", "level": "INFO", "logger": "ML.Trainer.LSTM", "message": "Epoch completada", "module": "pipeline_trainer", "function": "ejecutar_entrenamiento", "line": 96}
{"timestamp": "2026-04-22T15:22:39.107972", "level": "INFO", "logger": "ML.Trainer.LSTM", "message": "Epoch completada", "module": "pipeline_trainer", "function": "ejecutar_entrenamiento", "line": 96}
{"timestamp": "2026-04-22T15:22:39.110928", "level": "INFO", "logger": "ML.Trainer.LSTM", "message": "Early stopping activado", "module": "pipeline_trainer", "function": "ejecutar_entrenamiento", "line": 106}
{"timestamp": "2026-04-22T15:22:39.111485", "level": "INFO", "logger": "ML.Trainer.LSTM", "message": "Entrenamiento completado", "module": "pipeline_trainer", "function": "ejecutar_entrenamiento", "line": 115}
{"timestamp": "2026-04-22T15:22:41.716442", "level": "INFO", "logger": "ML.Trainer.LSTM", "message": "Umbral optimizado", "module": "pipeline_trainer", "function": "optimizar_umbral_decision", "line": 208}
{"timestamp": "2026-04-22T15:25:23.931217", "level": "INFO", "logger": "ML.Trainer.LSTM", "message": "Iniciando entrenamiento mejorado", "module": "pipeline_trainer", "function": "ejecutar_entrenamiento", "line": 54}
{"timestamp": "2026-04-22T15:25:23.933436", "level": "INFO", "logger": "ML.Trainer.LSTM", "message": "GPU disponible", "module": "pipeline_trainer", "function": "ejecutar_entrenamiento", "line": 59}
{"timestamp": "2026-04-22T15:25:52.446457", "level": "INFO", "logger": "ML.Trainer.LSTM", "message": "Epoch completada", "module": "pipeline_trainer", "function": "ejecutar_entrenamiento", "line": 96}
{"timestamp": "2026-04-22T15:26:21.859783", "level": "INFO", "logger": "ML.Trainer.LSTM", "message": "Epoch completada", "module": "pipeline_trainer", "function": "ejecutar_entrenamiento", "line": 96}
{"timestamp": "2026-04-22T15:26:50.075727", "level": "INFO", "logger": "ML.Trainer.LSTM", "message": "Epoch completada", "module": "pipeline_trainer", "function": "ejecutar_entrenamiento", "line": 96}
{"timestamp": "2026-04-22T15:27:17.996890", "level": "INFO", "logger": "ML.Trainer.LSTM", "message": "Epoch completada", "module": "pipeline_trainer", "function": "ejecutar_entrenamiento", "line": 96}
{"timestamp": "2026-04-22T15:27:45.522660", "level": "INFO", "logger": "ML.Trainer.LSTM", "message": "Epoch completada", "module": "pipeline_trainer", "function": "ejecutar_entrenamiento", "line": 96}
{"timestamp": "2026-04-22T15:28:14.831854", "level": "INFO", "logger": "ML.Trainer.LSTM", "message": "Epoch completada", "module": "pipeline_trainer", "function": "ejecutar_entrenamiento", "line": 96}
{"timestamp": "2026-04-22T15:32:40.205005", "level": "INFO", "logger": "ML.Trainer.LSTM", "message": "Epoch completada", "module": "pipeline_trainer", "function": "ejecutar_entrenamiento", "line": 96}
{"timestamp": "2026-04-22T15:34:58.829645", "level": "INFO", "logger": "ML.Trainer.LSTM", "message": "Epoch completada", "module": "pipeline_trainer", "function": "ejecutar_entrenamiento", "line": 96}
{"timestamp": "2026-04-22T15:38:35.482094", "level": "INFO", "logger": "ML.Trainer.LSTM", "message": "Epoch completada", "module": "pipeline_trainer", "function": "ejecutar_entrenamiento", "line": 96}
{"timestamp": "2026-04-22T15:41:29.190559", "level": "INFO", "logger": "ML.Trainer.LSTM", "message": "Epoch completada", "module": "pipeline_trainer", "function": "ejecutar_entrenamiento", "line": 96}
{"timestamp": "2026-04-22T15:42:39.271084", "level": "INFO", "logger": "ML.Trainer.LSTM", "message": "Epoch completada", "module": "pipeline_trainer", "function": "ejecutar_entrenamiento", "line": 96}
{"timestamp": "2026-04-22T15:43:51.947778", "level": "INFO", "logger": "ML.Trainer.LSTM", "message": "Epoch completada", "module": "pipeline_trainer", "function": "ejecutar_entrenamiento", "line": 96}
{"timestamp": "2026-04-22T15:45:18.973626", "level": "INFO", "logger": "ML.Trainer.LSTM", "message": "Epoch completada", "module": "pipeline_trainer", "function": "ejecutar_entrenamiento", "line": 96}
{"timestamp": "2026-04-22T15:47:02.790866", "level": "INFO", "logger": "ML.Trainer.LSTM", "message": "Epoch completada", "module": "pipeline_trainer", "function": "ejecutar_entrenamiento", "line": 96}
{"timestamp": "2026-04-22T15:47:44.162147", "level": "INFO", "logger": "ML.Trainer.LSTM", "message": "Epoch completada", "module": "pipeline_trainer", "function": "ejecutar_entrenamiento", "line": 96}
{"timestamp": "2026-04-22T15:48:21.088394", "level": "INFO", "logger": "ML.Trainer.LSTM", "message": "Epoch completada", "module": "pipeline_trainer", "function": "ejecutar_entrenamiento", "line": 96}
{"timestamp": "2026-04-22T15:49:02.841768", "level": "INFO", "logger": "ML.Trainer.LSTM", "message": "Epoch completada", "module": "pipeline_trainer", "function": "ejecutar_entrenamiento", "line": 96}
{"timestamp": "2026-04-22T15:49:52.949050", "level": "INFO", "logger": "ML.Trainer.LSTM", "message": "Epoch completada", "module": "pipeline_trainer", "function": "ejecutar_entrenamiento", "line": 96}
{"timestamp": "2026-04-22T15:51:04.954239", "level": "INFO", "logger": "ML.Trainer.LSTM", "message": "Epoch completada", "module": "pipeline_trainer", "function": "ejecutar_entrenamiento", "line": 96}
{"timestamp": "2026-04-22T15:51:04.957957", "level": "INFO", "logger": "ML.Trainer.LSTM", "message": "Early stopping activado", "module": "pipeline_trainer", "function": "ejecutar_entrenamiento", "line": 106}
{"timestamp": "2026-04-22T15:51:04.958354", "level": "INFO", "logger": "ML.Trainer.LSTM", "message": "Entrenamiento completado", "module": "pipeline_trainer", "function": "ejecutar_entrenamiento", "line": 115}
{"timestamp": "2026-04-22T15:51:07.840503", "level": "INFO", "logger": "ML.Trainer.LSTM", "message": "Umbral optimizado", "module": "pipeline_trainer", "function": "optimizar_umbral_decision", "line": 208}
{"timestamp": "2026-04-23T13:51:01.854550", "level": "INFO", "logger": "ML.Trainer.LSTM", "message": "Iniciando entrenamiento mejorado", "module": "pipeline_trainer", "function": "ejecutar_entrenamiento", "line": 54}
{"timestamp": "2026-04-23T13:51:01.868104", "level": "INFO", "logger": "ML.Trainer.LSTM", "message": "GPU disponible", "module": "pipeline_trainer", "function": "ejecutar_entrenamiento", "line": 59}
{"timestamp": "2026-04-23T13:55:35.621496", "level": "INFO", "logger": "ML.Trainer.LSTM", "message": "Umbral optimizado", "module": "pipeline_trainer", "function": "optimizar_umbral_decision", "line": 223}
{"timestamp": "2026-04-23T13:55:37.804271", "level": "INFO", "logger": "ML.Trainer.LSTM", "message": "Epoch completada", "module": "pipeline_trainer", "function": "ejecutar_entrenamiento", "line": 104}
{"timestamp": "2026-04-23T13:59:20.690032", "level": "INFO", "logger": "ML.Trainer.LSTM", "message": "Umbral optimizado", "module": "pipeline_trainer", "function": "optimizar_umbral_decision", "line": 223}
{"timestamp": "2026-04-23T13:59:23.066174", "level": "INFO", "logger": "ML.Trainer.LSTM", "message": "Epoch completada", "module": "pipeline_trainer", "function": "ejecutar_entrenamiento", "line": 104}
{"timestamp": "2026-04-23T14:03:46.999910", "level": "INFO", "logger": "ML.Trainer.LSTM", "message": "Umbral optimizado", "module": "pipeline_trainer", "function": "optimizar_umbral_decision", "line": 223}
{"timestamp": "2026-04-23T14:03:48.670159", "level": "INFO", "logger": "ML.Trainer.LSTM", "message": "Epoch completada", "module": "pipeline_trainer", "function": "ejecutar_entrenamiento", "line": 104}
{"timestamp": "2026-04-23T14:08:26.957364", "level": "INFO", "logger": "ML.Trainer.LSTM", "message": "Umbral optimizado", "module": "pipeline_trainer", "function": "optimizar_umbral_decision", "line": 223}
{"timestamp": "2026-04-23T14:08:31.100439", "level": "INFO", "logger": "ML.Trainer.LSTM", "message": "Epoch completada", "module": "pipeline_trainer", "function": "ejecutar_entrenamiento", "line": 104}
{"timestamp": "2026-04-23T14:12:43.932597", "level": "INFO", "logger": "ML.Trainer.LSTM", "message": "Umbral optimizado", "module": "pipeline_trainer", "function": "optimizar_umbral_decision", "line": 223}
{"timestamp": "2026-04-23T14:12:45.691486", "level": "INFO", "logger": "ML.Trainer.LSTM", "message": "Epoch completada", "module": "pipeline_trainer", "function": "ejecutar_entrenamiento", "line": 104}
{"timestamp": "2026-04-23T14:15:23.800020", "level": "INFO", "logger": "ML.Trainer.LSTM", "message": "Umbral optimizado", "module": "pipeline_trainer", "function": "optimizar_umbral_decision", "line": 223}
{"timestamp": "2026-04-23T14:15:25.338340", "level": "INFO", "logger": "ML.Trainer.LSTM", "message": "Epoch completada", "module": "pipeline_trainer", "function": "ejecutar_entrenamiento", "line": 104}
{"timestamp": "2026-04-23T14:17:40.296199", "level": "INFO", "logger": "ML.Trainer.LSTM", "message": "Umbral optimizado", "module": "pipeline_trainer", "function": "optimizar_umbral_decision", "line": 223}
{"timestamp": "2026-04-23T14:17:41.916468", "level": "INFO", "logger": "ML.Trainer.LSTM", "message": "Epoch completada", "module": "pipeline_trainer", "function": "ejecutar_entrenamiento", "line": 104}
{"timestamp": "2026-04-23T14:20:01.074039", "level": "INFO", "logger": "ML.Trainer.LSTM", "message": "Umbral optimizado", "module": "pipeline_trainer", "function": "optimizar_umbral_decision", "line": 223}
{"timestamp": "2026-04-23T14:20:02.293706", "level": "INFO", "logger": "ML.Trainer.LSTM", "message": "Epoch completada", "module": "pipeline_trainer", "function": "ejecutar_entrenamiento", "line": 104}
{"timestamp": "2026-04-23T14:21:51.590293", "level": "INFO", "logger": "ML.Trainer.LSTM", "message": "Umbral optimizado", "module": "pipeline_trainer", "function": "optimizar_umbral_decision", "line": 223}
{"timestamp": "2026-04-23T14:21:53.028804", "level": "INFO", "logger": "ML.Trainer.LSTM", "message": "Epoch completada", "module": "pipeline_trainer", "function": "ejecutar_entrenamiento", "line": 104}
{"timestamp": "2026-04-23T14:23:51.588919", "level": "INFO", "logger": "ML.Trainer.LSTM", "message": "Umbral optimizado", "module": "pipeline_trainer", "function": "optimizar_umbral_decision", "line": 223}
{"timestamp": "2026-04-23T14:23:53.017599", "level": "INFO", "logger": "ML.Trainer.LSTM", "message": "Epoch completada", "module": "pipeline_trainer", "function": "ejecutar_entrenamiento", "line": 104}
{"timestamp": "2026-04-23T14:25:47.025523", "level": "INFO", "logger": "ML.Trainer.LSTM", "message": "Umbral optimizado", "module": "pipeline_trainer", "function": "optimizar_umbral_decision", "line": 223}
{"timestamp": "2026-04-23T14:25:48.483895", "level": "INFO", "logger": "ML.Trainer.LSTM", "message": "Epoch completada", "module": "pipeline_trainer", "function": "ejecutar_entrenamiento", "line": 104}
{"timestamp": "2026-04-23T14:28:06.497101", "level": "INFO", "logger": "ML.Trainer.LSTM", "message": "Umbral optimizado", "module": "pipeline_trainer", "function": "optimizar_umbral_decision", "line": 223}
{"timestamp": "2026-04-23T14:28:07.975151", "level": "INFO", "logger": "ML.Trainer.LSTM", "message": "Epoch completada", "module": "pipeline_trainer", "function": "ejecutar_entrenamiento", "line": 104}
{"timestamp": "2026-04-23T14:30:39.172114", "level": "INFO", "logger": "ML.Trainer.LSTM", "message": "Umbral optimizado", "module": "pipeline_trainer", "function": "optimizar_umbral_decision", "line": 223}
{"timestamp": "2026-04-23T14:30:40.669660", "level": "INFO", "logger": "ML.Trainer.LSTM", "message": "Epoch completada", "module": "pipeline_trainer", "function": "ejecutar_entrenamiento", "line": 104}
{"timestamp": "2026-04-23T14:32:32.162590", "level": "INFO", "logger": "ML.Trainer.LSTM", "message": "Umbral optimizado", "module": "pipeline_trainer", "function": "optimizar_umbral_decision", "line": 223}
{"timestamp": "2026-04-23T14:32:33.483566", "level": "INFO", "logger": "ML.Trainer.LSTM", "message": "Epoch completada", "module": "pipeline_trainer", "function": "ejecutar_entrenamiento", "line": 104}
{"timestamp": "2026-04-23T14:34:47.071903", "level": "INFO", "logger": "ML.Trainer.LSTM", "message": "Umbral optimizado", "module": "pipeline_trainer", "function": "optimizar_umbral_decision", "line": 223}
{"timestamp": "2026-04-23T14:34:48.478236", "level": "INFO", "logger": "ML.Trainer.LSTM", "message": "Epoch completada", "module": "pipeline_trainer", "function": "ejecutar_entrenamiento", "line": 104}
{"timestamp": "2026-04-23T14:36:47.737692", "level": "INFO", "logger": "ML.Trainer.LSTM", "message": "Umbral optimizado", "module": "pipeline_trainer", "function": "optimizar_umbral_decision", "line": 223}
{"timestamp": "2026-04-23T14:36:49.192059", "level": "INFO", "logger": "ML.Trainer.LSTM", "message": "Epoch completada", "module": "pipeline_trainer", "function": "ejecutar_entrenamiento", "line": 104}
{"timestamp": "2026-04-23T14:39:05.005988", "level": "INFO", "logger": "ML.Trainer.LSTM", "message": "Umbral optimizado", "module": "pipeline_trainer", "function": "optimizar_umbral_decision", "line": 223}
{"timestamp": "2026-04-23T14:39:06.844410", "level": "INFO", "logger": "ML.Trainer.LSTM", "message": "Epoch completada", "module": "pipeline_trainer", "function": "ejecutar_entrenamiento", "line": 104}
{"timestamp": "2026-04-23T14:41:51.611886", "level": "INFO", "logger": "ML.Trainer.LSTM", "message": "Umbral optimizado", "module": "pipeline_trainer", "function": "optimizar_umbral_decision", "line": 223}
{"timestamp": "2026-04-23T14:41:53.209694", "level": "INFO", "logger": "ML.Trainer.LSTM", "message": "Epoch completada", "module": "pipeline_trainer", "function": "ejecutar_entrenamiento", "line": 104}
{"timestamp": "2026-04-23T14:44:12.284813", "level": "INFO", "logger": "ML.Trainer.LSTM", "message": "Umbral optimizado", "module": "pipeline_trainer", "function": "optimizar_umbral_decision", "line": 223}
{"timestamp": "2026-04-23T14:44:13.793763", "level": "INFO", "logger": "ML.Trainer.LSTM", "message": "Epoch completada", "module": "pipeline_trainer", "function": "ejecutar_entrenamiento", "line": 104}
{"timestamp": "2026-04-23T14:46:06.965603", "level": "INFO", "logger": "ML.Trainer.LSTM", "message": "Umbral optimizado", "module": "pipeline_trainer", "function": "optimizar_umbral_decision", "line": 223}
{"timestamp": "2026-04-23T14:46:08.353590", "level": "INFO", "logger": "ML.Trainer.LSTM", "message": "Epoch completada", "module": "pipeline_trainer", "function": "ejecutar_entrenamiento", "line": 104}
{"timestamp": "2026-04-23T14:47:59.842870", "level": "INFO", "logger": "ML.Trainer.LSTM", "message": "Umbral optimizado", "module": "pipeline_trainer", "function": "optimizar_umbral_decision", "line": 223}
{"timestamp": "2026-04-23T14:48:01.385192", "level": "INFO", "logger": "ML.Trainer.LSTM", "message": "Epoch completada", "module": "pipeline_trainer", "function": "ejecutar_entrenamiento", "line": 104}
{"timestamp": "2026-04-23T14:50:15.612432", "level": "INFO", "logger": "ML.Trainer.LSTM", "message": "Umbral optimizado", "module": "pipeline_trainer", "function": "optimizar_umbral_decision", "line": 223}
{"timestamp": "2026-04-23T14:50:16.951949", "level": "INFO", "logger": "ML.Trainer.LSTM", "message": "Epoch completada", "module": "pipeline_trainer", "function": "ejecutar_entrenamiento", "line": 104}
{"timestamp": "2026-04-23T14:51:58.882113", "level": "INFO", "logger": "ML.Trainer.LSTM", "message": "Umbral optimizado", "module": "pipeline_trainer", "function": "optimizar_umbral_decision", "line": 223}
{"timestamp": "2026-04-23T14:52:00.226885", "level": "INFO", "logger": "ML.Trainer.LSTM", "message": "Epoch completada", "module": "pipeline_trainer", "function": "ejecutar_entrenamiento", "line": 104}
{"timestamp": "2026-04-23T14:54:09.441536", "level": "INFO", "logger": "ML.Trainer.LSTM", "message": "Umbral optimizado", "module": "pipeline_trainer", "function": "optimizar_umbral_decision", "line": 223}
{"timestamp": "2026-04-23T14:54:10.914200", "level": "INFO", "logger": "ML.Trainer.LSTM", "message": "Epoch completada", "module": "pipeline_trainer", "function": "ejecutar_entrenamiento", "line": 104}
{"timestamp": "2026-04-23T14:56:22.420583", "level": "INFO", "logger": "ML.Trainer.LSTM", "message": "Umbral optimizado", "module": "pipeline_trainer", "function": "optimizar_umbral_decision", "line": 223}
{"timestamp": "2026-04-23T14:56:23.942246", "level": "INFO", "logger": "ML.Trainer.LSTM", "message": "Epoch completada", "module": "pipeline_trainer", "function": "ejecutar_entrenamiento", "line": 104}
{"timestamp": "2026-04-23T14:56:23.944694", "level": "INFO", "logger": "ML.Trainer.LSTM", "message": "Early stopping activado", "module": "pipeline_trainer", "function": "ejecutar_entrenamiento", "line": 114}
{"timestamp": "2026-04-23T14:56:23.945118", "level": "INFO", "logger": "ML.Trainer.LSTM", "message": "Entrenamiento completado", "module": "pipeline_trainer", "function": "ejecutar_entrenamiento", "line": 123}
{"timestamp": "2026-04-23T14:56:25.128663", "level": "INFO", "logger": "ML.Trainer.LSTM", "message": "Umbral optimizado", "module": "pipeline_trainer", "function": "optimizar_umbral_decision", "line": 223}
{"timestamp": "2026-04-23T15:01:11.540572", "level": "INFO", "logger": "ML.Trainer.LSTM", "message": "Iniciando entrenamiento mejorado", "module": "pipeline_trainer", "function": "ejecutar_entrenamiento", "line": 54}
{"timestamp": "2026-04-23T15:01:11.553669", "level": "INFO", "logger": "ML.Trainer.LSTM", "message": "GPU disponible", "module": "pipeline_trainer", "function": "ejecutar_entrenamiento", "line": 59}
{"timestamp": "2026-04-23T15:03:12.614140", "level": "INFO", "logger": "ML.Trainer.LSTM", "message": "Umbral optimizado", "module": "pipeline_trainer", "function": "optimizar_umbral_decision", "line": 223}
{"timestamp": "2026-04-23T15:03:14.512902", "level": "INFO", "logger": "ML.Trainer.LSTM", "message": "Epoch completada", "module": "pipeline_trainer", "function": "ejecutar_entrenamiento", "line": 104}
{"timestamp": "2026-04-23T15:05:51.475816", "level": "INFO", "logger": "ML.Trainer.LSTM", "message": "Umbral optimizado", "module": "pipeline_trainer", "function": "optimizar_umbral_decision", "line": 223}
{"timestamp": "2026-04-23T15:05:53.490051", "level": "INFO", "logger": "ML.Trainer.LSTM", "message": "Epoch completada", "module": "pipeline_trainer", "function": "ejecutar_entrenamiento", "line": 104}
{"timestamp": "2026-04-23T15:09:06.579480", "level": "INFO", "logger": "ML.Trainer.LSTM", "message": "Umbral optimizado", "module": "pipeline_trainer", "function": "optimizar_umbral_decision", "line": 223}
{"timestamp": "2026-04-23T15:09:08.597127", "level": "INFO", "logger": "ML.Trainer.LSTM", "message": "Epoch completada", "module": "pipeline_trainer", "function": "ejecutar_entrenamiento", "line": 104}
{"timestamp": "2026-04-23T15:12:13.190497", "level": "INFO", "logger": "ML.Trainer.LSTM", "message": "Umbral optimizado", "module": "pipeline_trainer", "function": "optimizar_umbral_decision", "line": 223}
{"timestamp": "2026-04-23T15:12:15.143353", "level": "INFO", "logger": "ML.Trainer.LSTM", "message": "Epoch completada", "module": "pipeline_trainer", "function": "ejecutar_entrenamiento", "line": 104}
{"timestamp": "2026-04-23T15:14:44.521206", "level": "INFO", "logger": "ML.Trainer.LSTM", "message": "Umbral optimizado", "module": "pipeline_trainer", "function": "optimizar_umbral_decision", "line": 223}
{"timestamp": "2026-04-23T15:14:46.441967", "level": "INFO", "logger": "ML.Trainer.LSTM", "message": "Epoch completada", "module": "pipeline_trainer", "function": "ejecutar_entrenamiento", "line": 104}
{"timestamp": "2026-04-23T15:16:52.294662", "level": "INFO", "logger": "ML.Trainer.LSTM", "message": "Umbral optimizado", "module": "pipeline_trainer", "function": "optimizar_umbral_decision", "line": 223}
{"timestamp": "2026-04-23T15:16:54.207716", "level": "INFO", "logger": "ML.Trainer.LSTM", "message": "Epoch completada", "module": "pipeline_trainer", "function": "ejecutar_entrenamiento", "line": 104}
{"timestamp": "2026-04-23T15:19:09.435029", "level": "INFO", "logger": "ML.Trainer.LSTM", "message": "Umbral optimizado", "module": "pipeline_trainer", "function": "optimizar_umbral_decision", "line": 223}
{"timestamp": "2026-04-23T15:19:11.279569", "level": "INFO", "logger": "ML.Trainer.LSTM", "message": "Epoch completada", "module": "pipeline_trainer", "function": "ejecutar_entrenamiento", "line": 104}
{"timestamp": "2026-04-23T15:21:19.565776", "level": "INFO", "logger": "ML.Trainer.LSTM", "message": "Umbral optimizado", "module": "pipeline_trainer", "function": "optimizar_umbral_decision", "line": 223}
{"timestamp": "2026-04-23T15:21:21.419095", "level": "INFO", "logger": "ML.Trainer.LSTM", "message": "Epoch completada", "module": "pipeline_trainer", "function": "ejecutar_entrenamiento", "line": 104}
{"timestamp": "2026-04-23T15:23:13.605512", "level": "INFO", "logger": "ML.Trainer.LSTM", "message": "Umbral optimizado", "module": "pipeline_trainer", "function": "optimizar_umbral_decision", "line": 223}
{"timestamp": "2026-04-23T15:23:15.421869", "level": "INFO", "logger": "ML.Trainer.LSTM", "message": "Epoch completada", "module": "pipeline_trainer", "function": "ejecutar_entrenamiento", "line": 104}
{"timestamp": "2026-04-23T15:25:39.651994", "level": "INFO", "logger": "ML.Trainer.LSTM", "message": "Umbral optimizado", "module": "pipeline_trainer", "function": "optimizar_umbral_decision", "line": 223}
{"timestamp": "2026-04-23T15:25:41.739737", "level": "INFO", "logger": "ML.Trainer.LSTM", "message": "Epoch completada", "module": "pipeline_trainer", "function": "ejecutar_entrenamiento", "line": 104}
{"timestamp": "2026-04-23T15:28:06.539979", "level": "INFO", "logger": "ML.Trainer.LSTM", "message": "Umbral optimizado", "module": "pipeline_trainer", "function": "optimizar_umbral_decision", "line": 223}
{"timestamp": "2026-04-23T15:28:08.283000", "level": "INFO", "logger": "ML.Trainer.LSTM", "message": "Epoch completada", "module": "pipeline_trainer", "function": "ejecutar_entrenamiento", "line": 104}
{"timestamp": "2026-04-23T15:30:15.266399", "level": "INFO", "logger": "ML.Trainer.LSTM", "message": "Umbral optimizado", "module": "pipeline_trainer", "function": "optimizar_umbral_decision", "line": 223}
{"timestamp": "2026-04-23T15:30:17.063545", "level": "INFO", "logger": "ML.Trainer.LSTM", "message": "Epoch completada", "module": "pipeline_trainer", "function": "ejecutar_entrenamiento", "line": 104}
{"timestamp": "2026-04-23T15:32:29.657386", "level": "INFO", "logger": "ML.Trainer.LSTM", "message": "Umbral optimizado", "module": "pipeline_trainer", "function": "optimizar_umbral_decision", "line": 223}
{"timestamp": "2026-04-23T15:32:31.575870", "level": "INFO", "logger": "ML.Trainer.LSTM", "message": "Epoch completada", "module": "pipeline_trainer", "function": "ejecutar_entrenamiento", "line": 104}
{"timestamp": "2026-04-23T15:34:52.899088", "level": "INFO", "logger": "ML.Trainer.LSTM", "message": "Umbral optimizado", "module": "pipeline_trainer", "function": "optimizar_umbral_decision", "line": 223}
{"timestamp": "2026-04-23T15:34:54.909312", "level": "INFO", "logger": "ML.Trainer.LSTM", "message": "Epoch completada", "module": "pipeline_trainer", "function": "ejecutar_entrenamiento", "line": 104}
{"timestamp": "2026-04-23T15:36:52.720161", "level": "INFO", "logger": "ML.Trainer.LSTM", "message": "Umbral optimizado", "module": "pipeline_trainer", "function": "optimizar_umbral_decision", "line": 223}
{"timestamp": "2026-04-23T15:36:54.494013", "level": "INFO", "logger": "ML.Trainer.LSTM", "message": "Epoch completada", "module": "pipeline_trainer", "function": "ejecutar_entrenamiento", "line": 104}
{"timestamp": "2026-04-23T15:38:52.557584", "level": "INFO", "logger": "ML.Trainer.LSTM", "message": "Umbral optimizado", "module": "pipeline_trainer", "function": "optimizar_umbral_decision", "line": 223}
{"timestamp": "2026-04-23T15:38:54.425127", "level": "INFO", "logger": "ML.Trainer.LSTM", "message": "Epoch completada", "module": "pipeline_trainer", "function": "ejecutar_entrenamiento", "line": 104}
{"timestamp": "2026-04-23T15:40:51.296738", "level": "INFO", "logger": "ML.Trainer.LSTM", "message": "Umbral optimizado", "module": "pipeline_trainer", "function": "optimizar_umbral_decision", "line": 223}
{"timestamp": "2026-04-23T15:40:53.071731", "level": "INFO", "logger": "ML.Trainer.LSTM", "message": "Epoch completada", "module": "pipeline_trainer", "function": "ejecutar_entrenamiento", "line": 104}
{"timestamp": "2026-04-23T15:42:58.343160", "level": "INFO", "logger": "ML.Trainer.LSTM", "message": "Umbral optimizado", "module": "pipeline_trainer", "function": "optimizar_umbral_decision", "line": 223}
{"timestamp": "2026-04-23T15:43:00.231553", "level": "INFO", "logger": "ML.Trainer.LSTM", "message": "Epoch completada", "module": "pipeline_trainer", "function": "ejecutar_entrenamiento", "line": 104}
{"timestamp": "2026-04-23T15:45:12.666599", "level": "INFO", "logger": "ML.Trainer.LSTM", "message": "Umbral optimizado", "module": "pipeline_trainer", "function": "optimizar_umbral_decision", "line": 223}
{"timestamp": "2026-04-23T15:45:14.552516", "level": "INFO", "logger": "ML.Trainer.LSTM", "message": "Epoch completada", "module": "pipeline_trainer", "function": "ejecutar_entrenamiento", "line": 104}
{"timestamp": "2026-04-23T15:47:28.958552", "level": "INFO", "logger": "ML.Trainer.LSTM", "message": "Umbral optimizado", "module": "pipeline_trainer", "function": "optimizar_umbral_decision", "line": 223}
{"timestamp": "2026-04-23T15:47:30.802939", "level": "INFO", "logger": "ML.Trainer.LSTM", "message": "Epoch completada", "module": "pipeline_trainer", "function": "ejecutar_entrenamiento", "line": 104}
{"timestamp": "2026-04-23T15:49:33.299805", "level": "INFO", "logger": "ML.Trainer.LSTM", "message": "Umbral optimizado", "module": "pipeline_trainer", "function": "optimizar_umbral_decision", "line": 223}
{"timestamp": "2026-04-23T15:49:35.065964", "level": "INFO", "logger": "ML.Trainer.LSTM", "message": "Epoch completada", "module": "pipeline_trainer", "function": "ejecutar_entrenamiento", "line": 104}
{"timestamp": "2026-04-23T15:51:33.992567", "level": "INFO", "logger": "ML.Trainer.LSTM", "message": "Umbral optimizado", "module": "pipeline_trainer", "function": "optimizar_umbral_decision", "line": 223}
{"timestamp": "2026-04-23T15:51:36.197665", "level": "INFO", "logger": "ML.Trainer.LSTM", "message": "Epoch completada", "module": "pipeline_trainer", "function": "ejecutar_entrenamiento", "line": 104}
{"timestamp": "2026-04-23T15:51:36.200118", "level": "INFO", "logger": "ML.Trainer.LSTM", "message": "Early stopping activado", "module": "pipeline_trainer", "function": "ejecutar_entrenamiento", "line": 114}
{"timestamp": "2026-04-23T15:51:36.200627", "level": "INFO", "logger": "ML.Trainer.LSTM", "message": "Entrenamiento completado", "module": "pipeline_trainer", "function": "ejecutar_entrenamiento", "line": 123}
{"timestamp": "2026-04-23T15:51:37.928590", "level": "INFO", "logger": "ML.Trainer.LSTM", "message": "Umbral optimizado", "module": "pipeline_trainer", "function": "optimizar_umbral_decision", "line": 223}
{"timestamp": "2026-04-23T19:01:31.178789", "level": "INFO", "logger": "ML.Trainer.LSTM", "message": "Iniciando entrenamiento mejorado", "module": "pipeline_trainer", "function": "ejecutar_entrenamiento", "line": 54}
{"timestamp": "2026-04-23T19:01:31.180065", "level": "INFO", "logger": "ML.Trainer.LSTM", "message": "GPU disponible", "module": "pipeline_trainer", "function": "ejecutar_entrenamiento", "line": 59}
{"timestamp": "2026-04-23T19:07:00.865413", "level": "INFO", "logger": "ML.Trainer.LSTM", "message": "Iniciando entrenamiento mejorado", "module": "pipeline_trainer", "function": "ejecutar_entrenamiento", "line": 54}
{"timestamp": "2026-04-23T19:07:00.866464", "level": "INFO", "logger": "ML.Trainer.LSTM", "message": "GPU disponible", "module": "pipeline_trainer", "function": "ejecutar_entrenamiento", "line": 59}
{"timestamp": "2026-04-23T19:07:28.181101", "level": "INFO", "logger": "ML.Trainer.LSTM", "message": "Umbral optimizado", "module": "pipeline_trainer", "function": "optimizar_umbral_decision", "line": 238}
{"timestamp": "2026-04-23T19:07:29.308746", "level": "INFO", "logger": "ML.Trainer.LSTM", "message": "Epoch completada", "module": "pipeline_trainer", "function": "ejecutar_entrenamiento", "line": 104}
{"timestamp": "2026-04-23T19:07:54.303823", "level": "INFO", "logger": "ML.Trainer.LSTM", "message": "Umbral optimizado", "module": "pipeline_trainer", "function": "optimizar_umbral_decision", "line": 238}
{"timestamp": "2026-04-23T19:07:55.408033", "level": "INFO", "logger": "ML.Trainer.LSTM", "message": "Epoch completada", "module": "pipeline_trainer", "function": "ejecutar_entrenamiento", "line": 104}
{"timestamp": "2026-04-23T19:08:21.212251", "level": "INFO", "logger": "ML.Trainer.LSTM", "message": "Umbral optimizado", "module": "pipeline_trainer", "function": "optimizar_umbral_decision", "line": 238}
{"timestamp": "2026-04-23T19:08:22.359073", "level": "INFO", "logger": "ML.Trainer.LSTM", "message": "Epoch completada", "module": "pipeline_trainer", "function": "ejecutar_entrenamiento", "line": 104}
{"timestamp": "2026-04-23T19:08:48.181002", "level": "INFO", "logger": "ML.Trainer.LSTM", "message": "Umbral optimizado", "module": "pipeline_trainer", "function": "optimizar_umbral_decision", "line": 238}
{"timestamp": "2026-04-23T19:08:49.312054", "level": "INFO", "logger": "ML.Trainer.LSTM", "message": "Epoch completada", "module": "pipeline_trainer", "function": "ejecutar_entrenamiento", "line": 104}
{"timestamp": "2026-04-23T19:09:15.205480", "level": "INFO", "logger": "ML.Trainer.LSTM", "message": "Umbral optimizado", "module": "pipeline_trainer", "function": "optimizar_umbral_decision", "line": 238}
{"timestamp": "2026-04-23T19:09:16.349791", "level": "INFO", "logger": "ML.Trainer.LSTM", "message": "Epoch completada", "module": "pipeline_trainer", "function": "ejecutar_entrenamiento", "line": 104}
{"timestamp": "2026-04-23T19:09:43.066884", "level": "INFO", "logger": "ML.Trainer.LSTM", "message": "Umbral optimizado", "module": "pipeline_trainer", "function": "optimizar_umbral_decision", "line": 238}
{"timestamp": "2026-04-23T19:09:44.177403", "level": "INFO", "logger": "ML.Trainer.LSTM", "message": "Epoch completada", "module": "pipeline_trainer", "function": "ejecutar_entrenamiento", "line": 104}
{"timestamp": "2026-04-23T19:10:10.897739", "level": "INFO", "logger": "ML.Trainer.LSTM", "message": "Umbral optimizado", "module": "pipeline_trainer", "function": "optimizar_umbral_decision", "line": 238}
{"timestamp": "2026-04-23T19:10:12.029008", "level": "INFO", "logger": "ML.Trainer.LSTM", "message": "Epoch completada", "module": "pipeline_trainer", "function": "ejecutar_entrenamiento", "line": 104}
{"timestamp": "2026-04-23T19:10:40.466742", "level": "INFO", "logger": "ML.Trainer.LSTM", "message": "Umbral optimizado", "module": "pipeline_trainer", "function": "optimizar_umbral_decision", "line": 238}
{"timestamp": "2026-04-23T19:10:41.559798", "level": "INFO", "logger": "ML.Trainer.LSTM", "message": "Epoch completada", "module": "pipeline_trainer", "function": "ejecutar_entrenamiento", "line": 104}
{"timestamp": "2026-04-23T19:11:08.728512", "level": "INFO", "logger": "ML.Trainer.LSTM", "message": "Umbral optimizado", "module": "pipeline_trainer", "function": "optimizar_umbral_decision", "line": 238}
{"timestamp": "2026-04-23T19:11:09.855564", "level": "INFO", "logger": "ML.Trainer.LSTM", "message": "Epoch completada", "module": "pipeline_trainer", "function": "ejecutar_entrenamiento", "line": 104}
{"timestamp": "2026-04-23T19:11:35.933587", "level": "INFO", "logger": "ML.Trainer.LSTM", "message": "Umbral optimizado", "module": "pipeline_trainer", "function": "optimizar_umbral_decision", "line": 238}
{"timestamp": "2026-04-23T19:11:37.071456", "level": "INFO", "logger": "ML.Trainer.LSTM", "message": "Epoch completada", "module": "pipeline_trainer", "function": "ejecutar_entrenamiento", "line": 104}
{"timestamp": "2026-04-23T19:12:04.712190", "level": "INFO", "logger": "ML.Trainer.LSTM", "message": "Umbral optimizado", "module": "pipeline_trainer", "function": "optimizar_umbral_decision", "line": 238}
{"timestamp": "2026-04-23T19:12:06.384288", "level": "INFO", "logger": "ML.Trainer.LSTM", "message": "Epoch completada", "module": "pipeline_trainer", "function": "ejecutar_entrenamiento", "line": 104}
{"timestamp": "2026-04-23T19:12:34.249395", "level": "INFO", "logger": "ML.Trainer.LSTM", "message": "Umbral optimizado", "module": "pipeline_trainer", "function": "optimizar_umbral_decision", "line": 238}
{"timestamp": "2026-04-23T19:12:35.498430", "level": "INFO", "logger": "ML.Trainer.LSTM", "message": "Epoch completada", "module": "pipeline_trainer", "function": "ejecutar_entrenamiento", "line": 104}
{"timestamp": "2026-04-23T19:13:02.991163", "level": "INFO", "logger": "ML.Trainer.LSTM", "message": "Umbral optimizado", "module": "pipeline_trainer", "function": "optimizar_umbral_decision", "line": 238}
{"timestamp": "2026-04-23T19:13:04.203508", "level": "INFO", "logger": "ML.Trainer.LSTM", "message": "Epoch completada", "module": "pipeline_trainer", "function": "ejecutar_entrenamiento", "line": 104}
{"timestamp": "2026-04-23T19:13:31.109269", "level": "INFO", "logger": "ML.Trainer.LSTM", "message": "Umbral optimizado", "module": "pipeline_trainer", "function": "optimizar_umbral_decision", "line": 238}
{"timestamp": "2026-04-23T19:13:32.291349", "level": "INFO", "logger": "ML.Trainer.LSTM", "message": "Epoch completada", "module": "pipeline_trainer", "function": "ejecutar_entrenamiento", "line": 104}
{"timestamp": "2026-04-23T19:13:57.911403", "level": "INFO", "logger": "ML.Trainer.LSTM", "message": "Umbral optimizado", "module": "pipeline_trainer", "function": "optimizar_umbral_decision", "line": 238}
{"timestamp": "2026-04-23T19:13:59.118903", "level": "INFO", "logger": "ML.Trainer.LSTM", "message": "Epoch completada", "module": "pipeline_trainer", "function": "ejecutar_entrenamiento", "line": 104}
{"timestamp": "2026-04-23T19:14:25.433971", "level": "INFO", "logger": "ML.Trainer.LSTM", "message": "Umbral optimizado", "module": "pipeline_trainer", "function": "optimizar_umbral_decision", "line": 238}
{"timestamp": "2026-04-23T19:14:26.574726", "level": "INFO", "logger": "ML.Trainer.LSTM", "message": "Epoch completada", "module": "pipeline_trainer", "function": "ejecutar_entrenamiento", "line": 104}
{"timestamp": "2026-04-23T19:14:52.798136", "level": "INFO", "logger": "ML.Trainer.LSTM", "message": "Umbral optimizado", "module": "pipeline_trainer", "function": "optimizar_umbral_decision", "line": 238}
{"timestamp": "2026-04-23T19:14:53.928773", "level": "INFO", "logger": "ML.Trainer.LSTM", "message": "Epoch completada", "module": "pipeline_trainer", "function": "ejecutar_entrenamiento", "line": 104}
{"timestamp": "2026-04-23T19:14:53.931975", "level": "INFO", "logger": "ML.Trainer.LSTM", "message": "Early stopping activado", "module": "pipeline_trainer", "function": "ejecutar_entrenamiento", "line": 114}
{"timestamp": "2026-04-23T19:14:56.450166", "level": "INFO", "logger": "ML.Trainer.LSTM", "message": "Umbral optimizado", "module": "pipeline_trainer", "function": "optimizar_umbral_decision", "line": 238}
{"timestamp": "2026-04-23T19:14:56.450686", "level": "INFO", "logger": "ML.Trainer.LSTM", "message": "Entrenamiento completado", "module": "pipeline_trainer", "function": "ejecutar_entrenamiento", "line": 126}
{"timestamp": "2026-04-23T19:18:12.127079", "level": "INFO", "logger": "ML.Trainer.LSTM", "message": "Iniciando entrenamiento mejorado", "module": "pipeline_trainer", "function": "ejecutar_entrenamiento", "line": 54}
{"timestamp": "2026-04-23T19:18:12.128356", "level": "INFO", "logger": "ML.Trainer.LSTM", "message": "GPU disponible", "module": "pipeline_trainer", "function": "ejecutar_entrenamiento", "line": 59}
{"timestamp": "2026-04-23T19:18:47.970191", "level": "INFO", "logger": "ML.Trainer.LSTM", "message": "Umbral optimizado", "module": "pipeline_trainer", "function": "optimizar_umbral_decision", "line": 238}
{"timestamp": "2026-04-23T19:18:49.509408", "level": "INFO", "logger": "ML.Trainer.LSTM", "message": "Epoch completada", "module": "pipeline_trainer", "function": "ejecutar_entrenamiento", "line": 104}
{"timestamp": "2026-04-23T19:19:24.685031", "level": "INFO", "logger": "ML.Trainer.LSTM", "message": "Umbral optimizado", "module": "pipeline_trainer", "function": "optimizar_umbral_decision", "line": 238}
{"timestamp": "2026-04-23T19:19:26.234962", "level": "INFO", "logger": "ML.Trainer.LSTM", "message": "Epoch completada", "module": "pipeline_trainer", "function": "ejecutar_entrenamiento", "line": 104}
{"timestamp": "2026-04-23T19:20:01.675339", "level": "INFO", "logger": "ML.Trainer.LSTM", "message": "Umbral optimizado", "module": "pipeline_trainer", "function": "optimizar_umbral_decision", "line": 238}
{"timestamp": "2026-04-23T19:20:03.215590", "level": "INFO", "logger": "ML.Trainer.LSTM", "message": "Epoch completada", "module": "pipeline_trainer", "function": "ejecutar_entrenamiento", "line": 104}
{"timestamp": "2026-04-23T19:20:38.394295", "level": "INFO", "logger": "ML.Trainer.LSTM", "message": "Umbral optimizado", "module": "pipeline_trainer", "function": "optimizar_umbral_decision", "line": 238}
{"timestamp": "2026-04-23T19:20:39.980547", "level": "INFO", "logger": "ML.Trainer.LSTM", "message": "Epoch completada", "module": "pipeline_trainer", "function": "ejecutar_entrenamiento", "line": 104}
{"timestamp": "2026-04-23T19:21:15.214752", "level": "INFO", "logger": "ML.Trainer.LSTM", "message": "Umbral optimizado", "module": "pipeline_trainer", "function": "optimizar_umbral_decision", "line": 238}
{"timestamp": "2026-04-23T19:21:16.768292", "level": "INFO", "logger": "ML.Trainer.LSTM", "message": "Epoch completada", "module": "pipeline_trainer", "function": "ejecutar_entrenamiento", "line": 104}
{"timestamp": "2026-04-23T19:21:51.966068", "level": "INFO", "logger": "ML.Trainer.LSTM", "message": "Umbral optimizado", "module": "pipeline_trainer", "function": "optimizar_umbral_decision", "line": 238}
{"timestamp": "2026-04-23T19:21:53.572042", "level": "INFO", "logger": "ML.Trainer.LSTM", "message": "Epoch completada", "module": "pipeline_trainer", "function": "ejecutar_entrenamiento", "line": 104}
{"timestamp": "2026-04-23T19:22:29.775739", "level": "INFO", "logger": "ML.Trainer.LSTM", "message": "Umbral optimizado", "module": "pipeline_trainer", "function": "optimizar_umbral_decision", "line": 238}
{"timestamp": "2026-04-23T19:22:31.385047", "level": "INFO", "logger": "ML.Trainer.LSTM", "message": "Epoch completada", "module": "pipeline_trainer", "function": "ejecutar_entrenamiento", "line": 104}
{"timestamp": "2026-04-23T19:23:07.089528", "level": "INFO", "logger": "ML.Trainer.LSTM", "message": "Umbral optimizado", "module": "pipeline_trainer", "function": "optimizar_umbral_decision", "line": 238}
{"timestamp": "2026-04-23T19:23:08.747691", "level": "INFO", "logger": "ML.Trainer.LSTM", "message": "Epoch completada", "module": "pipeline_trainer", "function": "ejecutar_entrenamiento", "line": 104}
{"timestamp": "2026-04-23T19:23:44.033129", "level": "INFO", "logger": "ML.Trainer.LSTM", "message": "Umbral optimizado", "module": "pipeline_trainer", "function": "optimizar_umbral_decision", "line": 238}
{"timestamp": "2026-04-23T19:23:45.618777", "level": "INFO", "logger": "ML.Trainer.LSTM", "message": "Epoch completada", "module": "pipeline_trainer", "function": "ejecutar_entrenamiento", "line": 104}
{"timestamp": "2026-04-23T19:24:21.308408", "level": "INFO", "logger": "ML.Trainer.LSTM", "message": "Umbral optimizado", "module": "pipeline_trainer", "function": "optimizar_umbral_decision", "line": 238}
{"timestamp": "2026-04-23T19:24:22.891542", "level": "INFO", "logger": "ML.Trainer.LSTM", "message": "Epoch completada", "module": "pipeline_trainer", "function": "ejecutar_entrenamiento", "line": 104}
{"timestamp": "2026-04-23T19:24:58.347906", "level": "INFO", "logger": "ML.Trainer.LSTM", "message": "Umbral optimizado", "module": "pipeline_trainer", "function": "optimizar_umbral_decision", "line": 238}
{"timestamp": "2026-04-23T19:24:59.943280", "level": "INFO", "logger": "ML.Trainer.LSTM", "message": "Epoch completada", "module": "pipeline_trainer", "function": "ejecutar_entrenamiento", "line": 104}
{"timestamp": "2026-04-23T19:25:36.317425", "level": "INFO", "logger": "ML.Trainer.LSTM", "message": "Umbral optimizado", "module": "pipeline_trainer", "function": "optimizar_umbral_decision", "line": 238}
{"timestamp": "2026-04-23T19:25:37.902725", "level": "INFO", "logger": "ML.Trainer.LSTM", "message": "Epoch completada", "module": "pipeline_trainer", "function": "ejecutar_entrenamiento", "line": 104}
{"timestamp": "2026-04-23T19:26:14.618568", "level": "INFO", "logger": "ML.Trainer.LSTM", "message": "Umbral optimizado", "module": "pipeline_trainer", "function": "optimizar_umbral_decision", "line": 238}
{"timestamp": "2026-04-23T19:26:16.324554", "level": "INFO", "logger": "ML.Trainer.LSTM", "message": "Epoch completada", "module": "pipeline_trainer", "function": "ejecutar_entrenamiento", "line": 104}
{"timestamp": "2026-04-23T19:26:53.344311", "level": "INFO", "logger": "ML.Trainer.LSTM", "message": "Umbral optimizado", "module": "pipeline_trainer", "function": "optimizar_umbral_decision", "line": 238}
{"timestamp": "2026-04-23T19:26:54.966653", "level": "INFO", "logger": "ML.Trainer.LSTM", "message": "Epoch completada", "module": "pipeline_trainer", "function": "ejecutar_entrenamiento", "line": 104}
{"timestamp": "2026-04-23T19:27:30.868893", "level": "INFO", "logger": "ML.Trainer.LSTM", "message": "Umbral optimizado", "module": "pipeline_trainer", "function": "optimizar_umbral_decision", "line": 238}
{"timestamp": "2026-04-23T19:27:32.505329", "level": "INFO", "logger": "ML.Trainer.LSTM", "message": "Epoch completada", "module": "pipeline_trainer", "function": "ejecutar_entrenamiento", "line": 104}
{"timestamp": "2026-04-23T19:27:32.509856", "level": "INFO", "logger": "ML.Trainer.LSTM", "message": "Early stopping activado", "module": "pipeline_trainer", "function": "ejecutar_entrenamiento", "line": 114}
{"timestamp": "2026-04-23T19:27:35.529914", "level": "INFO", "logger": "ML.Trainer.LSTM", "message": "Umbral optimizado", "module": "pipeline_trainer", "function": "optimizar_umbral_decision", "line": 238}
{"timestamp": "2026-04-23T19:27:35.531431", "level": "INFO", "logger": "ML.Trainer.LSTM", "message": "Entrenamiento completado", "module": "pipeline_trainer", "function": "ejecutar_entrenamiento", "line": 126}
